(1573490407.365533) can0 201#06000000400D0300
(1573490407.365678) can0 080#00
(1573490407.365932) can0 181#A10000000000
(1573490407.366140) can0 281#151556040000
(1573490407.366348) can0 381#82020A000400
(1573490407.373308) can0 201#06000000400D0300
(1573490407.373476) can0 080#00
(1573490407.373737) can0 181#A10000000000
(1573490407.373945) can0 281#151556040000
(1573490407.374150) can0 381#82020A000400
(1573490407.381120) can0 201#06000000400D0300
(1573490407.381288) can0 080#00
(1573490407.381515) can0 181#A10000000000
(1573490407.381723) can0 281#151556040000
(1573490407.381930) can0 381#82020A000400
(1573490407.388938) can0 201#06000000400D0300
(1573490407.389109) can0 080#00
(1573490407.389358) can0 181#A10000000000
(1573490407.389571) can0 281#151556040000
(1573490407.389773) can0 381#82020A000400
(1573490407.396780) can0 201#06000000400D0300
(1573490407.396918) can0 080#00
(1573490407.397176) can0 181#A10000000000
(1573490407.397391) can0 281#151556040000
(1573490407.397595) can0 381#82020A000400
(1573490407.399329) can0 10000002#169DAE0441009B00
(1573490407.404602) can0 201#06000000400D0300
(1573490407.404773) can0 080#00
(1573490407.405000) can0 181#A10000000000
(1573490407.405206) can0 281#151556040000
(1573490407.405414) can0 381#82020A000400
(1573490407.412371) can0 201#06000000400D0300
(1573490407.412534) can0 080#00
(1573490407.412796) can0 181#A10000000000
(1573490407.413005) can0 281#151556040000
(1573490407.413211) can0 381#82020A000400
(1573490407.420173) can0 201#06000000400D0300
(1573490407.420342) can0 080#00
(1573490407.420572) can0 181#A10000000000
(1573490407.420778) can0 281#151556040000
(1573490407.420985) can0 381#82020A000400
(1573490407.427989) can0 201#06000000400D0300
(1573490407.428159) can0 080#00
(1573490407.428410) can0 181#A10001000000
(1573490407.428616) can0 281#151556040000
(1573490407.428855) can0 381#82020A000400
(1573490407.429372) can0 234#1122000000000000
(1573490407.431281) can0 001#00000441000016CC
(1573490407.431517) can0 003#009B009B00750141
(1573490407.431753) can0 002#9E2E9D7E03370050
(1573490407.435795) can0 201#06000000400D0300
(1573490407.435964) can0 080#00
(1573490407.436186) can0 181#A10001000000
(1573490407.436399) can0 281#151556040000
(1573490407.436602) can0 381#82020A000400
(1573490407.443618) can0 201#06000000400D0300
(1573490407.443786) can0 080#00
(1573490407.444042) can0 181#A10000000000
(1573490407.444248) can0 281#151556040000
(1573490407.444455) can0 381#82020A000400
(1573490407.450591) can0 036#349DAC009B9DAB9E
(1573490407.451592) can0 201#06000000400D0300
(1573490407.451765) can0 080#00
(1573490407.451988) can0 181#A10001000000
(1573490407.452194) can0 281#151556040000
(1573490407.452402) can0 381#82020A000400
(1573490407.459243) can0 201#06000000400D0300
(1573490407.459408) can0 080#00
(1573490407.459666) can0 181#A10001000000
(1573490407.459864) can0 281#151556040000
(1573490407.460074) can0 381#82020A000400
(1573490407.467048) can0 201#06000000400D0300
(1573490407.467209) can0 080#00
(1573490407.467434) can0 181#A10001000000
(1573490407.467640) can0 281#151556040000
(1573490407.467846) can0 381#820209000400
(1573490407.474858) can0 201#06000000400D0300
(1573490407.475020) can0 080#00
(1573490407.475242) can0 181#A10001000000
(1573490407.475448) can0 281#151556040000
(1573490407.475654) can0 381#820209000400
(1573490407.482665) can0 201#06000000400D0300
(1573490407.482839) can0 080#00
(1573490407.483091) can0 181#A10003000000
(1573490407.483298) can0 281#151556040000
(1573490407.483504) can0 381#820209000400
(1573490407.490512) can0 201#06000000400D0300
(1573490407.490684) can0 080#00
(1573490407.490907) can0 181#A10001000000
(1573490407.491112) can0 281#151556040000
(1573490407.491320) can0 381#82020A000400
(1573490407.498289) can0 201#06000000400D0300
(1573490407.498456) can0 080#00
(1573490407.498713) can0 181#A10003000000
(1573490407.498919) can0 281#151556040000
(1573490407.499126) can0 381#82020A000400
(1573490407.503391) can0 10000002#169DAE0441009B00
(1573490407.506102) can0 201#06000000400D0300